

Started GET "/" for ::1 at 2015-07-19 13:05:13 -0500
Processing by Rails::WelcomeController#index as HTML
  Rendered /home/ykeyser/.rvm/gems/ruby-2.2.2/gems/railties-4.2.3/lib/rails/templates/rails/welcome/index.html.erb (3.1ms)
Completed 200 OK in 39ms (Views: 12.4ms | ActiveRecord: 0.0ms)


Started GET "/rails/info/properties" for ::1 at 2015-07-19 13:07:17 -0500
Processing by Rails::InfoController#properties as */*
  Rendered /home/ykeyser/.rvm/gems/ruby-2.2.2/gems/railties-4.2.3/lib/rails/templates/rails/info/properties.html.erb (2.1ms)
Completed 200 OK in 129ms (Views: 29.1ms | ActiveRecord: 36.4ms)


Started GET "/" for ::1 at 2015-07-19 15:29:48 -0500
Processing by Rails::WelcomeController#index as HTML
  Rendered /home/ykeyser/.rvm/gems/ruby-2.2.2/gems/railties-4.2.3/lib/rails/templates/rails/welcome/index.html.erb (9.0ms)
Completed 200 OK in 107ms (Views: 59.0ms | ActiveRecord: 0.0ms)


Started GET "/rails/info/properties" for ::1 at 2015-07-19 15:29:52 -0500
Processing by Rails::InfoController#properties as */*
  Rendered /home/ykeyser/.rvm/gems/ruby-2.2.2/gems/railties-4.2.3/lib/rails/templates/rails/info/properties.html.erb (0.8ms)
Completed 200 OK in 135ms (Views: 21.3ms | ActiveRecord: 3.9ms)


Started GET "/" for 127.0.0.1 at 2015-07-19 21:47:50 -0500

NameError (cannot load Java class org.sqlite.JDBC):
  org/jruby/javasupport/JavaClass.java:204:in `for_name'
  org/jruby/javasupport/JavaUtilities.java:34:in `get_proxy_class'
  file:/home/ykeyser/.rvm/rubies/jruby-1.7.20/lib/jruby.jar!/jruby/java/core_ext/object.rb:27:in `java_import'
  org/jruby/RubyArray.java:2412:in `map'
  file:/home/ykeyser/.rvm/rubies/jruby-1.7.20/lib/jruby.jar!/jruby/java/core_ext/object.rb:22:in `java_import'
  activerecord-jdbc-adapter (1.3.17) lib/arjdbc/jdbc/driver.rb:24:in `driver_class'
  org/jruby/RubyModule.java:2344:in `module_eval'
  activerecord-jdbc-adapter (1.3.17) lib/arjdbc/jdbc/driver.rb:23:in `driver_class'
  org/jruby/javasupport/JavaObject.java:261:in `synchronized'
  activerecord-jdbc-adapter (1.3.17) lib/arjdbc/jdbc/driver.rb:20:in `driver_class'
  activerecord-jdbc-adapter (1.3.17) lib/arjdbc/jdbc/driver.rb:8:in `initialize'
  activerecord-jdbc-adapter (1.3.17) lib/arjdbc/jdbc/connection.rb:95:in `setup_jdbc_factory'
  activerecord-jdbc-adapter (1.3.17) lib/arjdbc/jdbc/connection.rb:59:in `setup_connection_factory'
  activerecord-jdbc-adapter (1.3.17) lib/arjdbc/jdbc/connection.rb:14:in `initialize'
  activerecord-jdbc-adapter (1.3.17) lib/arjdbc/jdbc/adapter.rb:76:in `initialize'
  activerecord-jdbc-adapter (1.3.17) lib/arjdbc/jdbc/adapter.rb:44:in `new'
  activerecord-jdbc-adapter (1.3.17) lib/arjdbc/jdbc/connection_methods.rb:12:in `jdbc_connection'
  activerecord-jdbc-adapter (1.3.17) lib/arjdbc/sqlite3/connection_methods.rb:24:in `sqlite3_connection'
  activerecord (4.2.3) lib/active_record/connection_adapters/abstract/connection_pool.rb:438:in `new_connection'
  activerecord (4.2.3) lib/active_record/connection_adapters/abstract/connection_pool.rb:448:in `checkout_new_connection'
  activerecord (4.2.3) lib/active_record/connection_adapters/abstract/connection_pool.rb:422:in `acquire_connection'
  activerecord (4.2.3) lib/active_record/connection_adapters/abstract/connection_pool.rb:349:in `checkout'
  /home/ykeyser/.rvm/rubies/jruby-1.7.20/lib/ruby/1.9/monitor.rb:211:in `mon_synchronize'
  activerecord (4.2.3) lib/active_record/connection_adapters/abstract/connection_pool.rb:348:in `checkout'
  activerecord (4.2.3) lib/active_record/connection_adapters/abstract/connection_pool.rb:263:in `connection'
  /home/ykeyser/.rvm/rubies/jruby-1.7.20/lib/ruby/1.9/monitor.rb:211:in `mon_synchronize'
  activerecord (4.2.3) lib/active_record/connection_adapters/abstract/connection_pool.rb:262:in `connection'
  activerecord (4.2.3) lib/active_record/connection_adapters/abstract/connection_pool.rb:571:in `retrieve_connection'
  activerecord (4.2.3) lib/active_record/connection_handling.rb:113:in `retrieve_connection'
  activerecord (4.2.3) lib/active_record/connection_handling.rb:87:in `connection'
  activerecord (4.2.3) lib/active_record/migration.rb:383:in `connection'
  activerecord (4.2.3) lib/active_record/migration.rb:370:in `call'
  actionpack (4.2.3) lib/action_dispatch/middleware/callbacks.rb:29:in `call'
  activesupport (4.2.3) lib/active_support/callbacks.rb:84:in `run_callbacks'
  actionpack (4.2.3) lib/action_dispatch/middleware/callbacks.rb:27:in `call'
  actionpack (4.2.3) lib/action_dispatch/middleware/reloader.rb:73:in `call'
  actionpack (4.2.3) lib/action_dispatch/middleware/remote_ip.rb:78:in `call'
  actionpack (4.2.3) lib/action_dispatch/middleware/debug_exceptions.rb:17:in `call'
  actionpack (4.2.3) lib/action_dispatch/middleware/show_exceptions.rb:30:in `call'
  railties (4.2.3) lib/rails/rack/logger.rb:38:in `call_app'
  railties (4.2.3) lib/rails/rack/logger.rb:20:in `call'
  activesupport (4.2.3) lib/active_support/tagged_logging.rb:68:in `tagged'
  activesupport (4.2.3) lib/active_support/tagged_logging.rb:26:in `tagged'
  activesupport (4.2.3) lib/active_support/tagged_logging.rb:68:in `tagged'
  railties (4.2.3) lib/rails/rack/logger.rb:20:in `call'
  actionpack (4.2.3) lib/action_dispatch/middleware/request_id.rb:21:in `call'
  rack (1.6.4) lib/rack/methodoverride.rb:22:in `call'
  rack (1.6.4) lib/rack/runtime.rb:18:in `call'
  activesupport (4.2.3) lib/active_support/cache/strategy/local_cache_middleware.rb:28:in `call'
  rack (1.6.4) lib/rack/lock.rb:17:in `call'
  actionpack (4.2.3) lib/action_dispatch/middleware/static.rb:116:in `call'
  rack (1.6.4) lib/rack/sendfile.rb:113:in `call'
  railties (4.2.3) lib/rails/engine.rb:518:in `call'
  railties (4.2.3) lib/rails/application.rb:165:in `call'
  rack (1.6.4) lib/rack/content_length.rb:15:in `call'
  puma-2.12.2 (java) lib/puma/server.rb:539:in `handle_request'
  puma-2.12.2 (java) lib/puma/server.rb:386:in `process_client'
  puma-2.12.2 (java) lib/puma/server.rb:269:in `run'
  org/jruby/RubyProc.java:271:in `call'
  puma-2.12.2 (java) lib/puma/thread_pool.rb:106:in `spawn_thread'


  Rendered /home/ykeyser/.rvm/gems/jruby-1.7.20/gems/actionpack-4.2.3/lib/action_dispatch/middleware/templates/rescues/_source.erb (77.0ms)
  Rendered /home/ykeyser/.rvm/gems/jruby-1.7.20/gems/actionpack-4.2.3/lib/action_dispatch/middleware/templates/rescues/_trace.html.erb (21.0ms)
  Rendered /home/ykeyser/.rvm/gems/jruby-1.7.20/gems/actionpack-4.2.3/lib/action_dispatch/middleware/templates/rescues/_request_and_response.html.erb (17.0ms)
  Rendered /home/ykeyser/.rvm/gems/jruby-1.7.20/gems/actionpack-4.2.3/lib/action_dispatch/middleware/templates/rescues/diagnostics.html.erb within rescues/layout (204.0ms)


Started GET "/" for 127.0.0.1 at 2015-07-19 21:50:25 -0500
Processing by Rails::WelcomeController#index as HTML
  Rendered /home/ykeyser/.rvm/gems/jruby-1.7.20/gems/railties-4.2.3/lib/rails/templates/rails/welcome/index.html.erb (15.0ms)
Completed 200 OK in 118ms (Views: 116.0ms | ActiveRecord: 0.0ms)


Started GET "/rails/info/properties" for 127.0.0.1 at 2015-07-19 21:50:32 -0500
Processing by Rails::InfoController#properties as */*
  [1m[36m (12.0ms)[0m  [1mSELECT name FROM sqlite_master WHERE type = 'table' AND name = "schema_migrations"[0m
  Rendered /home/ykeyser/.rvm/gems/jruby-1.7.20/gems/railties-4.2.3/lib/rails/templates/rails/info/properties.html.erb (5.0ms)
Completed 200 OK in 201ms (Views: 67.0ms | ActiveRecord: 12.0ms)


Started GET "/" for 127.0.0.1 at 2015-07-19 21:56:56 -0500
Processing by Rails::WelcomeController#index as HTML
  Rendered /home/ykeyser/.rvm/gems/jruby-1.7.20/gems/railties-4.2.3/lib/rails/templates/rails/welcome/index.html.erb (10.0ms)
Completed 200 OK in 52ms (Views: 50.0ms | ActiveRecord: 0.0ms)


Started GET "/rails/info/properties" for 127.0.0.1 at 2015-07-19 21:57:00 -0500
Processing by Rails::InfoController#properties as */*
  [1m[36m (17.0ms)[0m  [1mSELECT name FROM sqlite_master WHERE type = 'table' AND name = "schema_migrations"[0m
  Rendered /home/ykeyser/.rvm/gems/jruby-1.7.20/gems/railties-4.2.3/lib/rails/templates/rails/info/properties.html.erb (3.0ms)
Completed 200 OK in 187ms (Views: 65.0ms | ActiveRecord: 17.0ms)


Started GET "/" for 127.0.0.1 at 2015-07-19 22:05:25 -0500
Processing by Rails::WelcomeController#index as HTML
  Rendered /home/ykeyser/.rvm/gems/jruby-1.7.20/gems/railties-4.2.3/lib/rails/templates/rails/welcome/index.html.erb (17.0ms)
Completed 200 OK in 68ms (Views: 65.0ms | ActiveRecord: 0.0ms)


Started GET "/rails/info/properties" for 127.0.0.1 at 2015-07-19 22:05:28 -0500
Processing by Rails::InfoController#properties as */*
  [1m[36m (12.0ms)[0m  [1mSELECT name FROM sqlite_master WHERE type = 'table' AND name = "schema_migrations"[0m
  Rendered /home/ykeyser/.rvm/gems/jruby-1.7.20/gems/railties-4.2.3/lib/rails/templates/rails/info/properties.html.erb (5.0ms)
Completed 200 OK in 166ms (Views: 62.0ms | ActiveRecord: 12.0ms)


Started GET "/" for 127.0.0.1 at 2015-07-19 22:07:30 -0500
Processing by Rails::WelcomeController#index as HTML
  Rendered /home/ykeyser/.rvm/gems/jruby-1.7.20/gems/railties-4.2.3/lib/rails/templates/rails/welcome/index.html.erb (15.0ms)
Completed 200 OK in 53ms (Views: 50.0ms | ActiveRecord: 0.0ms)


Started GET "/rails/info/properties" for 127.0.0.1 at 2015-07-19 22:07:33 -0500
Processing by Rails::InfoController#properties as */*
  [1m[36m (12.0ms)[0m  [1mSELECT name FROM sqlite_master WHERE type = 'table' AND name = "schema_migrations"[0m
  Rendered /home/ykeyser/.rvm/gems/jruby-1.7.20/gems/railties-4.2.3/lib/rails/templates/rails/info/properties.html.erb (10.0ms)
Completed 200 OK in 198ms (Views: 64.0ms | ActiveRecord: 12.0ms)


Started GET "/" for 127.0.0.1 at 2015-07-19 22:11:29 -0500
Processing by Rails::WelcomeController#index as HTML
  Rendered /home/ykeyser/.rvm/gems/jruby-1.7.20/gems/railties-4.2.3/lib/rails/templates/rails/welcome/index.html.erb (18.0ms)
Completed 200 OK in 59ms (Views: 58.0ms | ActiveRecord: 0.0ms)


Started GET "/rails/info/properties" for 127.0.0.1 at 2015-07-19 22:11:31 -0500
Processing by Rails::InfoController#properties as */*
  [1m[36m (12.0ms)[0m  [1mSELECT name FROM sqlite_master WHERE type = 'table' AND name = "schema_migrations"[0m
  Rendered /home/ykeyser/.rvm/gems/jruby-1.7.20/gems/railties-4.2.3/lib/rails/templates/rails/info/properties.html.erb (5.0ms)
Completed 200 OK in 135ms (Views: 31.0ms | ActiveRecord: 12.0ms)


Started GET "/" for 127.0.0.1 at 2015-07-19 22:15:22 -0500
Processing by Rails::WelcomeController#index as HTML
  Rendered /home/ykeyser/.rvm/gems/jruby-1.7.20/gems/railties-4.2.3/lib/rails/templates/rails/welcome/index.html.erb (15.0ms)
Completed 200 OK in 64ms (Views: 58.0ms | ActiveRecord: 0.0ms)


Started GET "/rails/info/properties" for 127.0.0.1 at 2015-07-19 22:15:30 -0500
Processing by Rails::InfoController#properties as */*
  [1m[36m (19.0ms)[0m  [1mSELECT name FROM sqlite_master WHERE type = 'table' AND name = "schema_migrations"[0m
  Rendered /home/ykeyser/.rvm/gems/jruby-1.7.20/gems/railties-4.2.3/lib/rails/templates/rails/info/properties.html.erb (12.0ms)
Completed 200 OK in 189ms (Views: 68.0ms | ActiveRecord: 19.0ms)


Started GET "/" for 127.0.0.1 at 2015-07-19 22:22:14 -0500
Processing by Rails::WelcomeController#index as HTML
  Rendered /home/ykeyser/.rvm/gems/jruby-1.7.20/gems/railties-4.2.3/lib/rails/templates/rails/welcome/index.html.erb (16.0ms)
Completed 200 OK in 63ms (Views: 60.0ms | ActiveRecord: 0.0ms)


Started GET "/rails/info/properties" for 127.0.0.1 at 2015-07-19 22:22:16 -0500
Processing by Rails::InfoController#properties as */*
  [1m[36m (11.0ms)[0m  [1mSELECT name FROM sqlite_master WHERE type = 'table' AND name = "schema_migrations"[0m
  Rendered /home/ykeyser/.rvm/gems/jruby-1.7.20/gems/railties-4.2.3/lib/rails/templates/rails/info/properties.html.erb (6.0ms)
Completed 200 OK in 185ms (Views: 67.0ms | ActiveRecord: 11.0ms)


Started GET "/" for 127.0.0.1 at 2015-07-19 22:23:22 -0500
Processing by Rails::WelcomeController#index as HTML
  Rendered /home/ykeyser/.rvm/gems/jruby-1.7.20/gems/railties-4.2.3/lib/rails/templates/rails/welcome/index.html.erb (15.0ms)
Completed 200 OK in 66ms (Views: 61.0ms | ActiveRecord: 0.0ms)


Started GET "/rails/info/properties" for 127.0.0.1 at 2015-07-19 22:23:25 -0500
Processing by Rails::InfoController#properties as */*
  [1m[36m (12.0ms)[0m  [1mSELECT name FROM sqlite_master WHERE type = 'table' AND name = "schema_migrations"[0m
  Rendered /home/ykeyser/.rvm/gems/jruby-1.7.20/gems/railties-4.2.3/lib/rails/templates/rails/info/properties.html.erb (17.0ms)
Completed 200 OK in 178ms (Views: 67.0ms | ActiveRecord: 12.0ms)


Started GET "/" for 127.0.0.1 at 2015-07-19 22:26:58 -0500
Processing by Rails::WelcomeController#index as HTML
  Rendered /home/ykeyser/.rvm/gems/jruby-1.7.20/gems/railties-4.2.3/lib/rails/templates/rails/welcome/index.html.erb (3.0ms)
Completed 200 OK in 21ms (Views: 16.0ms | ActiveRecord: 0.0ms)


Started GET "/rails/info/properties" for 127.0.0.1 at 2015-07-19 22:27:00 -0500
Processing by Rails::InfoController#properties as */*
  Rendered /home/ykeyser/.rvm/gems/jruby-1.7.20/gems/railties-4.2.3/lib/rails/templates/rails/info/properties.html.erb (3.0ms)
Completed 200 OK in 46ms (Views: 44.0ms | ActiveRecord: 0.0ms)


Started GET "/" for 127.0.0.1 at 2015-07-19 22:27:05 -0500
Processing by Rails::WelcomeController#index as HTML
  Rendered /home/ykeyser/.rvm/gems/jruby-1.7.20/gems/railties-4.2.3/lib/rails/templates/rails/welcome/index.html.erb (1.0ms)
Completed 200 OK in 16ms (Views: 14.0ms | ActiveRecord: 0.0ms)


Started GET "/rails/info/properties" for 127.0.0.1 at 2015-07-19 22:27:06 -0500
Processing by Rails::InfoController#properties as */*
  Rendered /home/ykeyser/.rvm/gems/jruby-1.7.20/gems/railties-4.2.3/lib/rails/templates/rails/info/properties.html.erb (1.0ms)
Completed 200 OK in 25ms (Views: 21.0ms | ActiveRecord: 0.0ms)


Started GET "/" for 127.0.0.1 at 2015-07-19 22:29:30 -0500
Processing by Rails::WelcomeController#index as HTML
  Rendered /home/ykeyser/.rvm/gems/jruby-1.7.20/gems/railties-4.2.3/lib/rails/templates/rails/welcome/index.html.erb (12.0ms)
Completed 200 OK in 55ms (Views: 51.0ms | ActiveRecord: 0.0ms)


Started GET "/rails/info/properties" for 127.0.0.1 at 2015-07-19 22:29:34 -0500
Processing by Rails::InfoController#properties as */*
  [1m[36m (13.0ms)[0m  [1mSELECT name FROM sqlite_master WHERE type = 'table' AND name = "schema_migrations"[0m
  Rendered /home/ykeyser/.rvm/gems/jruby-1.7.20/gems/railties-4.2.3/lib/rails/templates/rails/info/properties.html.erb (12.0ms)
Completed 200 OK in 175ms (Views: 66.0ms | ActiveRecord: 13.0ms)


Started GET "/" for 127.0.0.1 at 2015-07-19 23:00:16 -0500
Processing by Rails::WelcomeController#index as HTML
  Rendered /home/ykeyser/.rvm/gems/jruby-9.0.0.0.rc2/gems/railties-4.2.3/lib/rails/templates/rails/welcome/index.html.erb (24.0ms)
Completed 200 OK in 89ms (Views: 83.2ms | ActiveRecord: 0.0ms)


Started GET "/rails/info/properties" for 127.0.0.1 at 2015-07-19 23:00:26 -0500
Processing by Rails::InfoController#properties as */*
  [1m[36m (13.0ms)[0m  [1mSELECT name FROM sqlite_master WHERE type = 'table' AND name = "schema_migrations"[0m
  Rendered /home/ykeyser/.rvm/gems/jruby-9.0.0.0.rc2/gems/railties-4.2.3/lib/rails/templates/rails/info/properties.html.erb (14.0ms)
Completed 200 OK in 224ms (Views: 78.8ms | ActiveRecord: 13.0ms)


Started GET "/" for 127.0.0.1 at 2015-07-19 23:07:13 -0500
Processing by Rails::WelcomeController#index as HTML
  Rendered /home/ykeyser/.rvm/gems/jruby-9.0.0.0.rc2/gems/railties-4.2.3/lib/rails/templates/rails/welcome/index.html.erb (34.0ms)
Completed 200 OK in 102ms (Views: 96.6ms | ActiveRecord: 0.0ms)


Started GET "/rails/info/properties" for 127.0.0.1 at 2015-07-19 23:07:17 -0500
Processing by Rails::InfoController#properties as */*
  [1m[36m (12.0ms)[0m  [1mSELECT name FROM sqlite_master WHERE type = 'table' AND name = "schema_migrations"[0m
  Rendered /home/ykeyser/.rvm/gems/jruby-9.0.0.0.rc2/gems/railties-4.2.3/lib/rails/templates/rails/info/properties.html.erb (19.0ms)
Completed 200 OK in 195ms (Views: 74.6ms | ActiveRecord: 12.0ms)


Started GET "/" for 127.0.0.1 at 2015-07-19 23:14:21 -0500
Processing by Rails::WelcomeController#index as HTML
  Rendered /home/ykeyser/.rvm/gems/jruby-9.0.0.0.rc2/gems/railties-4.2.3/lib/rails/templates/rails/welcome/index.html.erb (25.0ms)
Completed 200 OK in 145ms (Views: 138.7ms | ActiveRecord: 0.0ms)


Started GET "/rails/info/properties" for 127.0.0.1 at 2015-07-19 23:14:25 -0500
Processing by Rails::InfoController#properties as */*
  [1m[36m (13.0ms)[0m  [1mSELECT name FROM sqlite_master WHERE type = 'table' AND name = "schema_migrations"[0m
  Rendered /home/ykeyser/.rvm/gems/jruby-9.0.0.0.rc2/gems/railties-4.2.3/lib/rails/templates/rails/info/properties.html.erb (7.0ms)
Completed 200 OK in 214ms (Views: 82.2ms | ActiveRecord: 13.0ms)


Started GET "/" for 127.0.0.1 at 2015-07-19 23:15:59 -0500
Processing by Rails::WelcomeController#index as HTML
  Rendered /home/ykeyser/.rvm/gems/jruby-9.0.0.0.rc2/gems/railties-4.2.3/lib/rails/templates/rails/welcome/index.html.erb (1.0ms)
Completed 200 OK in 23ms (Views: 21.9ms | ActiveRecord: 0.0ms)


Started GET "/rails/info/properties" for 127.0.0.1 at 2015-07-19 23:16:03 -0500
Processing by Rails::InfoController#properties as */*
  Rendered /home/ykeyser/.rvm/gems/jruby-9.0.0.0.rc2/gems/railties-4.2.3/lib/rails/templates/rails/info/properties.html.erb (0.0ms)
Completed 200 OK in 52ms (Views: 49.1ms | ActiveRecord: 0.0ms)


Started GET "/" for 127.0.0.1 at 2015-07-19 23:19:26 -0500
Processing by Rails::WelcomeController#index as HTML
  Rendered /home/ykeyser/.rvm/gems/jruby-9.0.0.0.rc2/gems/railties-4.2.3/lib/rails/templates/rails/welcome/index.html.erb (1.0ms)
Completed 200 OK in 33ms (Views: 27.2ms | ActiveRecord: 0.0ms)


Started GET "/" for 127.0.0.1 at 2015-07-19 23:23:39 -0500
Processing by Rails::WelcomeController#index as HTML
  Rendered /home/ykeyser/.rvm/gems/jruby-9.0.0.0.rc2/gems/railties-4.2.3/lib/rails/templates/rails/welcome/index.html.erb (20.0ms)
Completed 200 OK in 83ms (Views: 72.7ms | ActiveRecord: 0.0ms)


Started GET "/" for 127.0.0.1 at 2015-07-19 23:23:40 -0500
Processing by Rails::WelcomeController#index as HTML
  Rendered /home/ykeyser/.rvm/gems/jruby-9.0.0.0.rc2/gems/railties-4.2.3/lib/rails/templates/rails/welcome/index.html.erb (0.0ms)
Completed 200 OK in 31ms (Views: 24.4ms | ActiveRecord: 0.0ms)


Started GET "/" for 127.0.0.1 at 2015-07-19 23:23:43 -0500
Processing by Rails::WelcomeController#index as HTML
  Rendered /home/ykeyser/.rvm/gems/jruby-9.0.0.0.rc2/gems/railties-4.2.3/lib/rails/templates/rails/welcome/index.html.erb (4.0ms)
Completed 200 OK in 35ms (Views: 34.1ms | ActiveRecord: 0.0ms)


Started GET "/rails/info/properties" for 127.0.0.1 at 2015-07-19 23:23:47 -0500
Processing by Rails::InfoController#properties as */*
  [1m[36m (12.0ms)[0m  [1mSELECT name FROM sqlite_master WHERE type = 'table' AND name = "schema_migrations"[0m
  Rendered /home/ykeyser/.rvm/gems/jruby-9.0.0.0.rc2/gems/railties-4.2.3/lib/rails/templates/rails/info/properties.html.erb (14.0ms)
Completed 200 OK in 165ms (Views: 60.1ms | ActiveRecord: 12.0ms)


Started GET "/" for 127.0.0.1 at 2015-07-19 23:42:17 -0500
Processing by Rails::WelcomeController#index as HTML
  Rendered /home/ykeyser/.rvm/gems/jruby-9.0.0.0.rc2/gems/railties-4.2.3/lib/rails/templates/rails/welcome/index.html.erb (1.0ms)
Completed 200 OK in 25ms (Views: 23.6ms | ActiveRecord: 0.0ms)


Started GET "/" for 127.0.0.1 at 2015-07-20 00:08:36 -0500
Processing by Rails::WelcomeController#index as HTML
  Rendered /home/ykeyser/.rvm/gems/jruby-9.0.0.0.rc2/gems/railties-4.2.3/lib/rails/templates/rails/welcome/index.html.erb (30.0ms)
Completed 200 OK in 172ms (Views: 165.7ms | ActiveRecord: 0.0ms)


Started GET "/rails/info/properties" for 127.0.0.1 at 2015-07-20 00:08:48 -0500
Processing by Rails::InfoController#properties as */*
  [1m[36m (27.0ms)[0m  [1mSELECT name FROM sqlite_master WHERE type = 'table' AND name = "schema_migrations"[0m
  Rendered /home/ykeyser/.rvm/gems/jruby-9.0.0.0.rc2/gems/railties-4.2.3/lib/rails/templates/rails/info/properties.html.erb (28.0ms)
Completed 200 OK in 358ms (Views: 137.7ms | ActiveRecord: 27.0ms)


Started GET "/" for 127.0.0.1 at 2015-07-20 00:22:49 -0500
Processing by Rails::WelcomeController#index as HTML
  Rendered /home/ykeyser/.rvm/gems/jruby-9.0.0.0.rc2/gems/railties-4.2.3/lib/rails/templates/rails/welcome/index.html.erb (1.0ms)
Completed 200 OK in 18ms (Views: 15.4ms | ActiveRecord: 0.0ms)


Started GET "/" for 127.0.0.1 at 2015-07-20 00:25:49 -0500
Processing by Rails::WelcomeController#index as HTML
  Rendered /home/ykeyser/.rvm/gems/jruby-9.0.0.0.rc2/gems/railties-4.2.3/lib/rails/templates/rails/welcome/index.html.erb (0.0ms)
Completed 200 OK in 21ms (Views: 6.9ms | ActiveRecord: 0.0ms)


Started GET "/" for 127.0.0.1 at 2015-07-20 00:26:56 -0500
Processing by Rails::WelcomeController#index as HTML
  Rendered /home/ykeyser/.rvm/gems/jruby-9.0.0.0.rc2/gems/railties-4.2.3/lib/rails/templates/rails/welcome/index.html.erb (1.0ms)
Completed 200 OK in 26ms (Views: 25.1ms | ActiveRecord: 0.0ms)
  [1m[36m (10.0ms)[0m  [1mSELECT name FROM sqlite_master WHERE type = 'table' AND name = "schema_migrations"[0m
  [1m[35m (185.0ms)[0m  CREATE TABLE "schema_migrations" ("version" varchar(255) NOT NULL) 
  [1m[36m (1.0ms)[0m  [1mSELECT name FROM sqlite_master WHERE type = 'table' AND name = "schema_migrations"[0m
  [1m[35m (3.0ms)[0m  SELECT sqlite_version(*)
  [1m[36m (164.0ms)[0m  [1mCREATE UNIQUE INDEX "unique_schema_migrations" ON "schema_migrations" ("version")[0m
  [1m[35m (0.0ms)[0m  SELECT name FROM sqlite_master WHERE type = 'table' AND name = "schema_migrations"
  [1m[36mActiveRecord::SchemaMigration Load (1.0ms)[0m  [1mSELECT "schema_migrations".* FROM "schema_migrations"[0m
Migrating to CreateEmployees (20150720053056)
  [1m[35m (1.0ms)[0m  CREATE TABLE "employees" ("id" integer PRIMARY KEY AUTOINCREMENT NOT NULL, "name" varchar(255), "age" integer, "address" text, "created_at" datetime NOT NULL, "updated_at" datetime NOT NULL) 
  [1m[36m (1.0ms)[0m  [1mSELECT name FROM sqlite_master WHERE type = 'table' AND name = "schema_migrations"[0m
  [1m[35mSQL (1.0ms)[0m  INSERT INTO "schema_migrations" ("version") VALUES ('20150720053056')
  [1m[36m (1.0ms)[0m  [1mSELECT name FROM sqlite_master WHERE type = 'table' AND name = "schema_migrations"[0m
  [1m[35mActiveRecord::SchemaMigration Load (0.0ms)[0m  SELECT "schema_migrations".* FROM "schema_migrations"
  [1m[36m (1.0ms)[0m  [1mSELECT name FROM sqlite_master WHERE type = 'table' AND NOT name = 'sqlite_sequence'[0m


Started GET "/" for 127.0.0.1 at 2015-07-20 00:33:38 -0500
  [1m[36m (13.0ms)[0m  [1mSELECT name FROM sqlite_master WHERE type = 'table' AND name = "schema_migrations"[0m
  [1m[35mActiveRecord::SchemaMigration Load (2.0ms)[0m  SELECT "schema_migrations".* FROM "schema_migrations"
Processing by Rails::WelcomeController#index as HTML
  Rendered /home/ykeyser/.rvm/gems/jruby-9.0.0.0.rc2/gems/railties-4.2.3/lib/rails/templates/rails/welcome/index.html.erb (18.0ms)
Completed 200 OK in 74ms (Views: 66.2ms | ActiveRecord: 0.0ms)


Started GET "/" for 127.0.0.1 at 2015-07-20 00:37:31 -0500
  [1m[36m (17.0ms)[0m  [1mSELECT name FROM sqlite_master WHERE type = 'table' AND name = "schema_migrations"[0m
  [1m[35mActiveRecord::SchemaMigration Load (4.0ms)[0m  SELECT "schema_migrations".* FROM "schema_migrations"
Processing by Rails::WelcomeController#index as HTML
  Rendered /home/ykeyser/.rvm/gems/jruby-9.0.0.0.rc2/gems/railties-4.2.3/lib/rails/templates/rails/welcome/index.html.erb (32.0ms)
Completed 200 OK in 104ms (Views: 93.2ms | ActiveRecord: 0.0ms)


Started GET "/" for 127.0.0.1 at 2015-07-20 00:37:33 -0500
Processing by Rails::WelcomeController#index as HTML
  Rendered /home/ykeyser/.rvm/gems/jruby-9.0.0.0.rc2/gems/railties-4.2.3/lib/rails/templates/rails/welcome/index.html.erb (1.0ms)
Completed 200 OK in 26ms (Views: 24.2ms | ActiveRecord: 0.0ms)


Started GET "/" for 127.0.0.1 at 2015-07-20 00:38:01 -0500
Processing by Rails::WelcomeController#index as HTML
  Rendered /home/ykeyser/.rvm/gems/jruby-9.0.0.0.rc2/gems/railties-4.2.3/lib/rails/templates/rails/welcome/index.html.erb (11.0ms)
Completed 200 OK in 28ms (Views: 26.1ms | ActiveRecord: 0.0ms)


Started GET "/" for 127.0.0.1 at 2015-07-20 00:43:46 -0500
  [1m[36m (12.0ms)[0m  [1mSELECT name FROM sqlite_master WHERE type = 'table' AND name = "schema_migrations"[0m
  [1m[35mActiveRecord::SchemaMigration Load (3.0ms)[0m  SELECT "schema_migrations".* FROM "schema_migrations"
Processing by EmployeesController#index as HTML
  [1m[36mEmployee Load (6.0ms)[0m  [1mSELECT "employees".* FROM "employees"[0m
  Rendered employees/index.html.erb within layouts/application (302.0ms)
Completed 500 Internal Server Error in 3403ms (ActiveRecord: 11.0ms)

ActionView::Template::Error (couldn't find file 'jquery' with type 'application/javascript'):
    3: <head>
    4:   <title>Play4u</title>
    5:   <%= stylesheet_link_tag    'application', media: 'all', 'data-turbolinks-track' => true %>
    6:   <%= javascript_include_tag 'application', 'data-turbolinks-track' => true %>
    7:   <%= csrf_meta_tags %>
    8: </head>
    9: <body>
  app/assets/javascripts/application.js:13
  app/views/layouts/application.html.erb:6:in `_app_views_layouts_application_html_erb___1810029037_5168'


  Rendered /home/ykeyser/.rvm/gems/jruby-9.0.0.0.rc2/gems/actionpack-4.2.3/lib/action_dispatch/middleware/templates/rescues/_source.erb (236.0ms)
  Rendered /home/ykeyser/.rvm/gems/jruby-9.0.0.0.rc2/gems/actionpack-4.2.3/lib/action_dispatch/middleware/templates/rescues/_trace.html.erb (41.0ms)
  Rendered /home/ykeyser/.rvm/gems/jruby-9.0.0.0.rc2/gems/actionpack-4.2.3/lib/action_dispatch/middleware/templates/rescues/_request_and_response.html.erb (40.0ms)
  Rendered /home/ykeyser/.rvm/gems/jruby-9.0.0.0.rc2/gems/actionpack-4.2.3/lib/action_dispatch/middleware/templates/rescues/template_error.html.erb within rescues/layout (444.0ms)


Started GET "/" for 127.0.0.1 at 2015-07-20 00:43:55 -0500
Processing by EmployeesController#index as HTML
  [1m[35mEmployee Load (0.0ms)[0m  SELECT "employees".* FROM "employees"
  Rendered employees/index.html.erb within layouts/application (15.0ms)
Completed 500 Internal Server Error in 289ms (ActiveRecord: 0.0ms)

ActionView::Template::Error (couldn't find file 'jquery' with type 'application/javascript'):
    3: <head>
    4:   <title>Play4u</title>
    5:   <%= stylesheet_link_tag    'application', media: 'all', 'data-turbolinks-track' => true %>
    6:   <%= javascript_include_tag 'application', 'data-turbolinks-track' => true %>
    7:   <%= csrf_meta_tags %>
    8: </head>
    9: <body>
  app/assets/javascripts/application.js:13
  app/views/layouts/application.html.erb:6:in `_app_views_layouts_application_html_erb___1810029037_5168'


  Rendered /home/ykeyser/.rvm/gems/jruby-9.0.0.0.rc2/gems/actionpack-4.2.3/lib/action_dispatch/middleware/templates/rescues/_source.erb (57.0ms)
  Rendered /home/ykeyser/.rvm/gems/jruby-9.0.0.0.rc2/gems/actionpack-4.2.3/lib/action_dispatch/middleware/templates/rescues/_trace.html.erb (24.0ms)
  Rendered /home/ykeyser/.rvm/gems/jruby-9.0.0.0.rc2/gems/actionpack-4.2.3/lib/action_dispatch/middleware/templates/rescues/_request_and_response.html.erb (6.0ms)
  Rendered /home/ykeyser/.rvm/gems/jruby-9.0.0.0.rc2/gems/actionpack-4.2.3/lib/action_dispatch/middleware/templates/rescues/template_error.html.erb within rescues/layout (200.0ms)


Started GET "/" for 127.0.0.1 at 2015-07-20 00:48:53 -0500
  [1m[36m (12.0ms)[0m  [1mSELECT name FROM sqlite_master WHERE type = 'table' AND name = "schema_migrations"[0m
  [1m[35mActiveRecord::SchemaMigration Load (3.0ms)[0m  SELECT "schema_migrations".* FROM "schema_migrations"
Processing by EmployeesController#index as HTML
  [1m[36mEmployee Load (0.0ms)[0m  [1mSELECT "employees".* FROM "employees"[0m
  Rendered employees/index.html.erb within layouts/application (43.0ms)
Completed 200 OK in 17524ms (Views: 17392.6ms | ActiveRecord: 1.0ms)


Started GET "/assets/scaffolds.self-8361e2d0614009bf5ae7c439a132046d774fdcaf921c776b4776eb16162d5633.css?body=1" for 127.0.0.1 at 2015-07-20 00:49:13 -0500


Started GET "/assets/employees.self-e3b0c44298fc1c149afbf4c8996fb92427ae41e4649b934ca495991b7852b855.css?body=1" for 127.0.0.1 at 2015-07-20 00:49:13 -0500


Started GET "/assets/jquery.self-d03a5518f45df77341bdbe6201ba3bfa547ebba8ed64f0ea56bfa5f96ea7c074.js?body=1" for 127.0.0.1 at 2015-07-20 00:49:13 -0500


Started GET "/assets/turbolinks.self-c37727e9bd6b2735da5c311aa83fead54ed0be6cc8bd9a65309e9c5abe2cbfff.js?body=1" for 127.0.0.1 at 2015-07-20 00:49:13 -0500


Started GET "/assets/application.self-e80e8f2318043e8af94dddc2adad5a4f09739a8ebb323b3ab31cd71d45fd9113.css?body=1" for 127.0.0.1 at 2015-07-20 00:49:13 -0500


Started GET "/assets/jquery_ujs.self-ca5248a2fad13d6bd58ea121318d642f195f0b2dd818b30615f785ff365e8d1f.js?body=1" for 127.0.0.1 at 2015-07-20 00:49:13 -0500


Started GET "/assets/employees.self-877aef30ae1b040ab8a3aba4e3e309a11d7f2612f44dde450b5c157aa5f95c05.js?body=1" for 127.0.0.1 at 2015-07-20 00:49:13 -0500


Started GET "/assets/application.self-3b8dabdc891efe46b9a144b400ad69e37d7e5876bdc39dee783419a69d7ca819.js?body=1" for 127.0.0.1 at 2015-07-20 00:49:13 -0500


Started GET "/employees/new" for 127.0.0.1 at 2015-07-20 00:49:23 -0500
Processing by EmployeesController#new as HTML
  [1m[35m (1.0ms)[0m  SELECT name FROM sqlite_master WHERE type = 'table' AND NOT name = 'sqlite_sequence'
  Rendered employees/_form.html.erb (522.0ms)
  Rendered employees/new.html.erb within layouts/application (596.0ms)
Completed 200 OK in 1123ms (Views: 1041.4ms | ActiveRecord: 2.0ms)


Started POST "/employees" for 127.0.0.1 at 2015-07-20 00:49:35 -0500
Processing by EmployeesController#create as HTML
  Parameters: {"utf8"=>"✓", "authenticity_token"=>"lLnCQrBdtMviGm3upxiwQzaRWxj1qKnk+nU8HM3E/T9U15yP9b6ZyPAzM4gzM2S8KpSqwnI6Ri3dteqMEuEHuw==", "employee"=>{"name"=>"Tom", "age"=>"25", "address"=>"3232 Wicker Park"}, "commit"=>"Create Employee"}
  [1m[36mSQL (19.0ms)[0m  [1mINSERT INTO "employees" ("name", "age", "address", "created_at", "updated_at") VALUES ('Tom', 25, '3232 Wicker Park', '2015-07-20 05:49:35.939000', '2015-07-20 05:49:35.939000')[0m
Redirected to http://localhost:3000/employees/1
Completed 302 Found in 358ms (ActiveRecord: 19.0ms)


Started GET "/employees/1" for 127.0.0.1 at 2015-07-20 00:49:36 -0500
Processing by EmployeesController#show as HTML
  Parameters: {"id"=>"1"}
  [1m[35mEmployee Load (1.0ms)[0m  SELECT  "employees".* FROM "employees" WHERE "employees"."id" = 1 LIMIT 1
  Rendered employees/show.html.erb within layouts/application (26.0ms)
Completed 200 OK in 571ms (Views: 468.8ms | ActiveRecord: 1.0ms)


Started GET "/employees" for 127.0.0.1 at 2015-07-20 00:49:40 -0500
Processing by EmployeesController#index as HTML
  [1m[36mEmployee Load (6.0ms)[0m  [1mSELECT "employees".* FROM "employees"[0m
  Rendered employees/index.html.erb within layouts/application (26.0ms)
Completed 200 OK in 416ms (Views: 402.0ms | ActiveRecord: 6.0ms)


Started GET "/employees/new" for 127.0.0.1 at 2015-07-20 00:49:43 -0500
Processing by EmployeesController#new as HTML
  Rendered employees/_form.html.erb (20.0ms)
  Rendered employees/new.html.erb within layouts/application (31.0ms)
Completed 200 OK in 310ms (Views: 300.5ms | ActiveRecord: 0.0ms)


Started POST "/employees" for 127.0.0.1 at 2015-07-20 00:49:57 -0500
Processing by EmployeesController#create as HTML
  Parameters: {"utf8"=>"✓", "authenticity_token"=>"HdgivM0RBlovMKzBYZ4X7VL5pgKbrA4d1QuA6qlfoZvdtnxxiPIrWT0Z8qf1tcMSTvxX2Bw+4dTyy1Z6dnpbHw==", "employee"=>{"name"=>"Mike", "age"=>"30", "address"=>"56454 LaSalle Rd"}, "commit"=>"Create Employee"}
  [1m[35mSQL (32.0ms)[0m  INSERT INTO "employees" ("name", "age", "address", "created_at", "updated_at") VALUES ('Mike', 30, '56454 LaSalle Rd', '2015-07-20 05:49:57.104000', '2015-07-20 05:49:57.104000')
Redirected to http://localhost:3000/employees/2
Completed 302 Found in 261ms (ActiveRecord: 32.0ms)


Started GET "/employees/2" for 127.0.0.1 at 2015-07-20 00:49:57 -0500
Processing by EmployeesController#show as HTML
  Parameters: {"id"=>"2"}
  [1m[36mEmployee Load (1.0ms)[0m  [1mSELECT  "employees".* FROM "employees" WHERE "employees"."id" = 2 LIMIT 1[0m
  Rendered employees/show.html.erb within layouts/application (14.0ms)
Completed 200 OK in 304ms (Views: 275.1ms | ActiveRecord: 1.0ms)


Started GET "/employees" for 127.0.0.1 at 2015-07-20 00:50:00 -0500
Processing by EmployeesController#index as HTML
  [1m[35mEmployee Load (1.0ms)[0m  SELECT "employees".* FROM "employees"
  Rendered employees/index.html.erb within layouts/application (19.0ms)
Completed 200 OK in 228ms (Views: 214.7ms | ActiveRecord: 1.0ms)


Started GET "/employees/1" for 127.0.0.1 at 2015-07-20 00:50:02 -0500
Processing by EmployeesController#show as HTML
  Parameters: {"id"=>"1"}
  [1m[36mEmployee Load (1.0ms)[0m  [1mSELECT  "employees".* FROM "employees" WHERE "employees"."id" = 1 LIMIT 1[0m
  Rendered employees/show.html.erb within layouts/application (12.0ms)
Completed 200 OK in 328ms (Views: 305.5ms | ActiveRecord: 1.0ms)


Started GET "/employees" for 127.0.0.1 at 2015-07-20 00:50:03 -0500
Processing by EmployeesController#index as HTML
  [1m[35mEmployee Load (1.0ms)[0m  SELECT "employees".* FROM "employees"
  Rendered employees/index.html.erb within layouts/application (24.0ms)
Completed 200 OK in 256ms (Views: 244.0ms | ActiveRecord: 1.0ms)


Started GET "/" for 127.0.0.1 at 2015-07-20 01:05:12 -0500
  [1m[36m (12.0ms)[0m  [1mSELECT name FROM sqlite_master WHERE type = 'table' AND name = "schema_migrations"[0m
  [1m[35mActiveRecord::SchemaMigration Load (4.0ms)[0m  SELECT "schema_migrations".* FROM "schema_migrations"
Processing by EmployeesController#index as HTML
  [1m[36mEmployee Load (1.0ms)[0m  [1mSELECT "employees".* FROM "employees"[0m
  [1m[35m (0.0ms)[0m  SELECT name FROM sqlite_master WHERE type = 'table' AND NOT name = 'sqlite_sequence'
  Rendered employees/index.html.erb within layouts/application (201.0ms)
Completed 200 OK in 5044ms (Views: 3855.5ms | ActiveRecord: 4.0ms)


Started GET "/" for 127.0.0.1 at 2015-07-21 00:27:24 -0500
  [1m[36m (30.0ms)[0m  [1mSELECT name FROM sqlite_master WHERE type = 'table' AND name = "schema_migrations"[0m
  [1m[35mActiveRecord::SchemaMigration Load (2.0ms)[0m  SELECT "schema_migrations".* FROM "schema_migrations"
Processing by EmployeesController#index as HTML
  [1m[36mEmployee Load (1.0ms)[0m  [1mSELECT "employees".* FROM "employees"[0m
  [1m[35m (9.0ms)[0m  SELECT name FROM sqlite_master WHERE type = 'table' AND NOT name = 'sqlite_sequence'
  Rendered employees/index.html.erb within layouts/application (720.0ms)
Completed 200 OK in 4538ms (Views: 4175.5ms | ActiveRecord: 24.0ms)


Started GET "/" for 127.0.0.1 at 2015-07-21 00:27:36 -0500
Processing by EmployeesController#index as HTML
  [1m[36mEmployee Load (1.0ms)[0m  [1mSELECT "employees".* FROM "employees"[0m
  Rendered employees/index.html.erb within layouts/application (64.0ms)
Completed 200 OK in 1085ms (Views: 1072.6ms | ActiveRecord: 1.0ms)


Started GET "/" for 127.0.0.1 at 2015-07-21 01:52:13 -0500
  [1m[36m (20.0ms)[0m  [1mSELECT name FROM sqlite_master WHERE type = 'table' AND name = "schema_migrations"[0m
  [1m[35mActiveRecord::SchemaMigration Load (2.0ms)[0m  SELECT "schema_migrations".* FROM "schema_migrations"
Processing by EmployeesController#index as HTML
  [1m[36mEmployee Load (1.0ms)[0m  [1mSELECT "employees".* FROM "employees"[0m
  [1m[35m (1.0ms)[0m  SELECT name FROM sqlite_master WHERE type = 'table' AND NOT name = 'sqlite_sequence'
  Rendered employees/index.html.erb within layouts/application (511.0ms)
Completed 200 OK in 4324ms (Views: 2471.8ms | ActiveRecord: 6.0ms)


Started GET "/" for 127.0.0.1 at 2015-07-21 01:53:05 -0500
Processing by EmployeesController#index as HTML
  [1m[36mEmployee Load (1.0ms)[0m  [1mSELECT "employees".* FROM "employees"[0m
  Rendered employees/index.html.erb within layouts/application (26.0ms)
Completed 200 OK in 3217ms (Views: 3197.3ms | ActiveRecord: 1.0ms)


Started GET "/" for 127.0.0.1 at 2015-07-21 01:55:11 -0500
Processing by EmployeesController#index as HTML
  [1m[35mEmployee Load (1.0ms)[0m  SELECT "employees".* FROM "employees"
  Rendered employees/index.html.erb within layouts/application (12.0ms)
Completed 200 OK in 486ms (Views: 480.6ms | ActiveRecord: 1.0ms)


Started GET "/" for 127.0.0.1 at 2015-07-21 15:11:48 -0500
  [1m[36m (18.0ms)[0m  [1mSELECT name FROM sqlite_master WHERE type = 'table' AND name = "schema_migrations"[0m
  [1m[35mActiveRecord::SchemaMigration Load (4.0ms)[0m  SELECT "schema_migrations".* FROM "schema_migrations"
Processing by EmployeesController#index as HTML
  [1m[36mEmployee Load (1.0ms)[0m  [1mSELECT "employees".* FROM "employees"[0m
  [1m[35m (0.0ms)[0m  SELECT name FROM sqlite_master WHERE type = 'table' AND NOT name = 'sqlite_sequence'
  Rendered employees/index.html.erb within layouts/application (185.0ms)
Completed 500 Internal Server Error in 1408ms (ActiveRecord: 10.0ms)

LoadError (no such file to load -- sass):
  app/views/layouts/application.html.erb:5:in `block in _app_views_layouts_application_html_erb___1745538698_4870'


  Rendered /home/ykeyser/.rvm/gems/jruby-9.0.0.0.rc2/gems/actionpack-4.2.3/lib/action_dispatch/middleware/templates/rescues/_source.erb (160.0ms)
  Rendered /home/ykeyser/.rvm/gems/jruby-9.0.0.0.rc2/gems/actionpack-4.2.3/lib/action_dispatch/middleware/templates/rescues/_trace.html.erb (34.0ms)
  Rendered /home/ykeyser/.rvm/gems/jruby-9.0.0.0.rc2/gems/actionpack-4.2.3/lib/action_dispatch/middleware/templates/rescues/_request_and_response.html.erb (18.0ms)
  Rendered /home/ykeyser/.rvm/gems/jruby-9.0.0.0.rc2/gems/actionpack-4.2.3/lib/action_dispatch/middleware/templates/rescues/diagnostics.html.erb within rescues/layout (342.0ms)


Started GET "/" for 127.0.0.1 at 2015-07-21 15:14:41 -0500
  [1m[36m (14.0ms)[0m  [1mSELECT name FROM sqlite_master WHERE type = 'table' AND name = "schema_migrations"[0m
  [1m[35mActiveRecord::SchemaMigration Load (3.0ms)[0m  SELECT "schema_migrations".* FROM "schema_migrations"
Processing by EmployeesController#index as HTML
  [1m[36mEmployee Load (1.0ms)[0m  [1mSELECT "employees".* FROM "employees"[0m
  [1m[35m (1.0ms)[0m  SELECT name FROM sqlite_master WHERE type = 'table' AND NOT name = 'sqlite_sequence'
  Rendered employees/index.html.erb within layouts/application (135.0ms)
Completed 500 Internal Server Error in 5037ms (ActiveRecord: 6.0ms)

ActionView::Template::Error (couldn't find file 'jquery' with type 'application/javascript'):
    3: <head>
    4:   <title>Play4u</title>
    5:   <%= stylesheet_link_tag    'application', media: 'all', 'data-turbolinks-track' => true %>
    6:   <%= javascript_include_tag 'application', 'data-turbolinks-track' => true %>
    7:   <%= csrf_meta_tags %>
    8: </head>
    9: <body>
  app/assets/javascripts/application.js:13
  app/views/layouts/application.html.erb:6:in `_app_views_layouts_application_html_erb__405419495_5186'


  Rendered /home/ykeyser/.rvm/gems/jruby-9.0.0.0.rc2/gems/actionpack-4.2.3/lib/action_dispatch/middleware/templates/rescues/_source.erb (122.0ms)
  Rendered /home/ykeyser/.rvm/gems/jruby-9.0.0.0.rc2/gems/actionpack-4.2.3/lib/action_dispatch/middleware/templates/rescues/_trace.html.erb (42.0ms)
  Rendered /home/ykeyser/.rvm/gems/jruby-9.0.0.0.rc2/gems/actionpack-4.2.3/lib/action_dispatch/middleware/templates/rescues/_request_and_response.html.erb (16.0ms)
  Rendered /home/ykeyser/.rvm/gems/jruby-9.0.0.0.rc2/gems/actionpack-4.2.3/lib/action_dispatch/middleware/templates/rescues/template_error.html.erb within rescues/layout (265.0ms)


Started GET "/" for 127.0.0.1 at 2015-07-21 15:17:56 -0500
  [1m[36m (12.0ms)[0m  [1mSELECT name FROM sqlite_master WHERE type = 'table' AND name = "schema_migrations"[0m
  [1m[35mActiveRecord::SchemaMigration Load (3.0ms)[0m  SELECT "schema_migrations".* FROM "schema_migrations"
Processing by EmployeesController#index as HTML
  [1m[36mEmployee Load (1.0ms)[0m  [1mSELECT "employees".* FROM "employees"[0m
  [1m[35m (1.0ms)[0m  SELECT name FROM sqlite_master WHERE type = 'table' AND NOT name = 'sqlite_sequence'
  Rendered employees/index.html.erb within layouts/application (150.0ms)
Completed 200 OK in 4123ms (Views: 3997.5ms | ActiveRecord: 4.0ms)


Started GET "/assets/scaffolds.self-61cdc6d502c7301984ec0223a89d845a2384dfed8c754b5e94b2b6a4078f6a87.css?body=1" for 127.0.0.1 at 2015-07-21 15:18:04 -0500


Started GET "/assets/jquery_ujs.self-ca5248a2fad13d6bd58ea121318d642f195f0b2dd818b30615f785ff365e8d1f.js?body=1" for 127.0.0.1 at 2015-07-21 15:18:04 -0500


Started GET "/assets/jquery2.self-0664d02dcbfb008e715c754b00b9af29d6f1796828c03610aee4265bdfc6afff.js?body=1" for 127.0.0.1 at 2015-07-21 15:18:04 -0500


Started GET "/assets/employees.self-e3b0c44298fc1c149afbf4c8996fb92427ae41e4649b934ca495991b7852b855.css?body=1" for 127.0.0.1 at 2015-07-21 15:18:04 -0500


Started GET "/assets/application.self-e80e8f2318043e8af94dddc2adad5a4f09739a8ebb323b3ab31cd71d45fd9113.css?body=1" for 127.0.0.1 at 2015-07-21 15:18:04 -0500


Started GET "/assets/turbolinks.self-c37727e9bd6b2735da5c311aa83fead54ed0be6cc8bd9a65309e9c5abe2cbfff.js?body=1" for 127.0.0.1 at 2015-07-21 15:18:04 -0500


Started GET "/assets/employees.self-877aef30ae1b040ab8a3aba4e3e309a11d7f2612f44dde450b5c157aa5f95c05.js?body=1" for 127.0.0.1 at 2015-07-21 15:18:04 -0500


Started GET "/assets/application.self-3b8dabdc891efe46b9a144b400ad69e37d7e5876bdc39dee783419a69d7ca819.js?body=1" for 127.0.0.1 at 2015-07-21 15:18:04 -0500
  [1m[36m (443.0ms)[0m  [1mSELECT version()[0m
  [1m[35m (639.0ms)[0m  CREATE TABLE "schema_migrations" ("version" character varying(255) NOT NULL) 
  [1m[36m (143.0ms)[0m  [1mCREATE UNIQUE INDEX  "unique_schema_migrations" ON "schema_migrations"  ("version")[0m
  [1m[35mActiveRecord::SchemaMigration Load (1.0ms)[0m  SELECT "schema_migrations".* FROM "schema_migrations"
Migrating to CreateEmployees (20150720053056)
  [1m[36m (817.0ms)[0m  [1mCREATE TABLE "employees" ("id" serial primary key, "name" character varying(255), "age" integer, "address" text, "created_at" timestamp NOT NULL, "updated_at" timestamp NOT NULL) [0m
  [1m[35mSQL (14.0ms)[0m  INSERT INTO "schema_migrations" ("version") VALUES ('20150720053056')
  [1m[36mActiveRecord::SchemaMigration Load (1.0ms)[0m  [1mSELECT "schema_migrations".* FROM "schema_migrations"[0m
  [1m[35m (7.0ms)[0m  SELECT t2.oid::regclass::text AS to_table, a1.attname AS column, a2.attname AS primary_key, c.conname AS name, c.confupdtype AS on_update, c.confdeltype AS on_delete FROM pg_constraint c JOIN pg_class t1 ON c.conrelid = t1.oid JOIN pg_class t2 ON c.confrelid = t2.oid JOIN pg_attribute a1 ON a1.attnum = c.conkey[1] AND a1.attrelid = t1.oid JOIN pg_attribute a2 ON a2.attnum = c.confkey[1] AND a2.attrelid = t2.oid JOIN pg_namespace t3 ON c.connamespace = t3.oid WHERE c.contype = 'f'   AND t1.relname = 'employees'   AND t3.nspname = ANY (current_schemas(false)) ORDER BY c.conname 


Started GET "/" for 127.0.0.1 at 2015-07-21 21:09:01 -0500
  [1m[36m (293.0ms)[0m  [1mSELECT version()[0m
  [1m[35mActiveRecord::SchemaMigration Load (1.0ms)[0m  SELECT "schema_migrations".* FROM "schema_migrations"
Processing by EmployeesController#index as HTML
  [1m[36mEmployee Load (5.0ms)[0m  [1mSELECT "employees".* FROM "employees"[0m
  Rendered employees/index.html.erb within layouts/application (219.0ms)
Completed 200 OK in 3103ms (Views: 2900.1ms | ActiveRecord: 10.0ms)


Started GET "/assets/jquery2.self-0664d02dcbfb008e715c754b00b9af29d6f1796828c03610aee4265bdfc6afff.js?body=1" for 127.0.0.1 at 2015-07-21 21:09:20 -0500


Started GET "/assets/scaffolds.self-61cdc6d502c7301984ec0223a89d845a2384dfed8c754b5e94b2b6a4078f6a87.css?body=1" for 127.0.0.1 at 2015-07-21 21:09:20 -0500


Started GET "/employees/new" for 127.0.0.1 at 2015-07-21 21:09:29 -0500
Processing by EmployeesController#new as HTML
  Rendered employees/_form.html.erb (538.0ms)
  Rendered employees/new.html.erb within layouts/application (629.0ms)
Completed 200 OK in 1230ms (Views: 1103.2ms | ActiveRecord: 10.0ms)


Started POST "/employees" for 127.0.0.1 at 2015-07-21 21:09:53 -0500
Processing by EmployeesController#create as HTML
  Parameters: {"utf8"=>"✓", "authenticity_token"=>"a+BCWwxOjjeJ1Utay2z2M5OhX2YFQpzYrmnXRCVPK2hjiLKzfkd744daUlb4yooazkN4O8baHdPSN+1Q5ioj8Q==", "employee"=>{"name"=>"Tom", "age"=>"35", "address"=>"1211 LaSalle St"}, "commit"=>"Create Employee"}
  [1m[35mSQL (64.0ms)[0m  INSERT INTO "employees" ("name", "age", "address", "created_at", "updated_at") VALUES ('Tom', 35, '1211 LaSalle St', '2015-07-22 02:09:53.703000', '2015-07-22 02:09:53.703000') RETURNING "id"
Redirected to http://localhost:3000/employees/1
Completed 302 Found in 299ms (ActiveRecord: 64.0ms)


Started GET "/employees/1" for 127.0.0.1 at 2015-07-21 21:09:54 -0500
Processing by EmployeesController#show as HTML
  Parameters: {"id"=>"1"}
  [1m[36mEmployee Load (20.0ms)[0m  [1mSELECT  "employees".* FROM "employees" WHERE "employees"."id" = 1 LIMIT 1[0m
  Rendered employees/show.html.erb within layouts/application (20.0ms)
Completed 200 OK in 929ms (Views: 476.3ms | ActiveRecord: 20.0ms)


Started GET "/employees" for 127.0.0.1 at 2015-07-21 21:09:57 -0500
Processing by EmployeesController#index as HTML
  [1m[35mEmployee Load (2.0ms)[0m  SELECT "employees".* FROM "employees"
  Rendered employees/index.html.erb within layouts/application (15.0ms)
Completed 200 OK in 275ms (Views: 261.9ms | ActiveRecord: 2.0ms)
  [1m[36m (75.0ms)[0m  [1mSELECT version()[0m
  [1m[35m (23.0ms)[0m  CREATE TABLE "schema_migrations" ("version" character varying(255) NOT NULL) 
  [1m[36m (89.0ms)[0m  [1mCREATE UNIQUE INDEX  "unique_schema_migrations" ON "schema_migrations"  ("version")[0m
  [1m[35mActiveRecord::SchemaMigration Load (2.0ms)[0m  SELECT "schema_migrations".* FROM "schema_migrations"
Migrating to CreateEmployees (20150720053056)
  [1m[36m (141.0ms)[0m  [1mCREATE TABLE "employees" ("id" serial primary key, "name" character varying(255), "age" integer, "address" text, "created_at" timestamp NOT NULL, "updated_at" timestamp NOT NULL) [0m
  [1m[35mSQL (5.0ms)[0m  INSERT INTO "schema_migrations" ("version") VALUES ('20150720053056')
  [1m[36mActiveRecord::SchemaMigration Load (2.0ms)[0m  [1mSELECT "schema_migrations".* FROM "schema_migrations"[0m
  [1m[35m (7.0ms)[0m  SELECT t2.oid::regclass::text AS to_table, a1.attname AS column, a2.attname AS primary_key, c.conname AS name, c.confupdtype AS on_update, c.confdeltype AS on_delete FROM pg_constraint c JOIN pg_class t1 ON c.conrelid = t1.oid JOIN pg_class t2 ON c.confrelid = t2.oid JOIN pg_attribute a1 ON a1.attnum = c.conkey[1] AND a1.attrelid = t1.oid JOIN pg_attribute a2 ON a2.attnum = c.confkey[1] AND a2.attrelid = t2.oid JOIN pg_namespace t3 ON c.connamespace = t3.oid WHERE c.contype = 'f'   AND t1.relname = 'employees'   AND t3.nspname = ANY (current_schemas(false)) ORDER BY c.conname 
